0 info it worked if it ends with ok
1 verbose cli [ 'node',
1 verbose cli   '/usr/local/lib/node_modules/cnpm/node_modules/.bin/npm',
1 verbose cli   '--userconfig=/Users/maomao/.cnpmrc',
1 verbose cli   '--disturl=https://npm.taobao.org/mirrors/node',
1 verbose cli   '--cache=/Users/maomao/.cnpm',
1 verbose cli   '--registry=https://registry.npm.taobao.org',
1 verbose cli   '--node-gyp=/usr/local/lib/node_modules/cnpm/node_modules/node-gyp/bin/node-gyp.js',
1 verbose cli   'start' ]
2 info using npm@2.14.15
3 info using node@v0.12.7
4 verbose node symlink /usr/local/bin/node
5 verbose run-script [ 'prestart', 'start', 'poststart' ]
6 info prestart express-generator-ejs@0.0.0
7 info start express-generator-ejs@0.0.0
8 verbose unsafe-perm in lifecycle true
9 info express-generator-ejs@0.0.0 Failed to exec start script
10 verbose stack Error: express-generator-ejs@0.0.0 start: `node ./bin/www`
10 verbose stack Exit status 1
10 verbose stack     at EventEmitter.<anonymous> (/usr/local/lib/node_modules/cnpm/node_modules/npm/lib/utils/lifecycle.js:214:16)
10 verbose stack     at EventEmitter.emit (events.js:110:17)
10 verbose stack     at ChildProcess.<anonymous> (/usr/local/lib/node_modules/cnpm/node_modules/npm/lib/utils/spawn.js:24:14)
10 verbose stack     at ChildProcess.emit (events.js:110:17)
10 verbose stack     at maybeClose (child_process.js:1015:16)
10 verbose stack     at Process.ChildProcess._handle.onexit (child_process.js:1087:5)
11 verbose pkgid express-generator-ejs@0.0.0
12 verbose cwd /Users/maomao/Desktop/code/front_end/show/demos/Express/express-generator-ejs
13 error Darwin 14.5.0
14 error argv "node" "/usr/local/lib/node_modules/cnpm/node_modules/.bin/npm" "--userconfig=/Users/maomao/.cnpmrc" "--disturl=https://npm.taobao.org/mirrors/node" "--cache=/Users/maomao/.cnpm" "--registry=https://registry.npm.taobao.org" "--node-gyp=/usr/local/lib/node_modules/cnpm/node_modules/node-gyp/bin/node-gyp.js" "start"
15 error node v0.12.7
16 error npm  v2.14.15
17 error code ELIFECYCLE
18 error express-generator-ejs@0.0.0 start: `node ./bin/www`
18 error Exit status 1
19 error Failed at the express-generator-ejs@0.0.0 start script 'node ./bin/www'.
19 error This is most likely a problem with the express-generator-ejs package,
19 error not with npm itself.
19 error Tell the author that this fails on your system:
19 error     node ./bin/www
19 error You can get their info via:
19 error     npm owner ls express-generator-ejs
19 error There is likely additional logging output above.
20 verbose exit [ 1, true ]
